<?xml version="1.0" encoding="UTF-8"?>
<!-- Generated by org.testng.reporters.JUnitReportReporter -->
<testsuite hostname="Aparna-96" failures="0" tests="1" name="com.ExcelrProject_2.AutomationExerciseDemo.Testcases" time="4.752" errors="0" timestamp="2024-02-04T23:21:05 IST" skipped="0">
  <testcase classname="com.ExcelrProject_2.AutomationExerciseDemo.Testcases" name="addtoCartRecomenditems" time="4.752"/>
</testsuite> <!-- com.ExcelrProject_2.AutomationExerciseDemo.Testcases -->
